<?xml version="1.0" encoding="UTF-8"?>
<testsuite xmlns:xsi="http://www.w3.org/2001/XMLSchema-instance" xsi:noNamespaceSchemaLocation="https://maven.apache.org/surefire/maven-surefire-plugin/xsd/surefire-test-report.xsd" name="com.cxg.weChat.WeChatApplicationTests" time="7.407" tests="1" errors="0" skipped="0" failures="0">
  <properties>
    <property name="sun.desktop" value="windows"/>
    <property name="awt.toolkit" value="sun.awt.windows.WToolkit"/>
    <property name="file.encoding.pkg" value="sun.io"/>
    <property name="java.specification.version" value="1.8"/>
    <property name="sun.cpu.isalist" value="pentium_pro+mmx pentium_pro pentium+mmx pentium i486 i386 i86"/>
    <property name="sun.jnu.encoding" value="GBK"/>
    <property name="java.class.path" value="D:\IdeaProject\weChatService\target\test-classes;D:\IdeaProject\weChatService\target\classes;D:\.m2\org\springframework\boot\spring-boot-starter-web-services\2.0.6.RELEASE\spring-boot-starter-web-services-2.0.6.RELEASE.jar;D:\.m2\org\springframework\boot\spring-boot-starter\2.0.6.RELEASE\spring-boot-starter-2.0.6.RELEASE.jar;D:\.m2\org\springframework\boot\spring-boot\2.0.6.RELEASE\spring-boot-2.0.6.RELEASE.jar;D:\.m2\org\springframework\boot\spring-boot-autoconfigure\2.0.6.RELEASE\spring-boot-autoconfigure-2.0.6.RELEASE.jar;D:\.m2\org\springframework\boot\spring-boot-starter-logging\2.0.6.RELEASE\spring-boot-starter-logging-2.0.6.RELEASE.jar;D:\.m2\ch\qos\logback\logback-classic\1.2.3\logback-classic-1.2.3.jar;D:\.m2\ch\qos\logback\logback-core\1.2.3\logback-core-1.2.3.jar;D:\.m2\org\apache\logging\log4j\log4j-to-slf4j\2.10.0\log4j-to-slf4j-2.10.0.jar;D:\.m2\org\apache\logging\log4j\log4j-api\2.10.0\log4j-api-2.10.0.jar;D:\.m2\org\slf4j\jul-to-slf4j\1.7.25\jul-to-slf4j-1.7.25.jar;D:\.m2\javax\annotation\javax.annotation-api\1.3.2\javax.annotation-api-1.3.2.jar;D:\.m2\org\yaml\snakeyaml\1.19\snakeyaml-1.19.jar;D:\.m2\org\springframework\spring-oxm\5.0.10.RELEASE\spring-oxm-5.0.10.RELEASE.jar;D:\.m2\org\springframework\spring-beans\5.0.10.RELEASE\spring-beans-5.0.10.RELEASE.jar;D:\.m2\org\springframework\ws\spring-ws-core\3.0.4.RELEASE\spring-ws-core-3.0.4.RELEASE.jar;D:\.m2\org\springframework\ws\spring-xml\3.0.4.RELEASE\spring-xml-3.0.4.RELEASE.jar;D:\.m2\org\springframework\spring-aop\5.0.10.RELEASE\spring-aop-5.0.10.RELEASE.jar;D:\.m2\commons-io\commons-io\2.5\commons-io-2.5.jar;D:\.m2\org\springframework\boot\spring-boot-starter-test\2.0.6.RELEASE\spring-boot-starter-test-2.0.6.RELEASE.jar;D:\.m2\org\springframework\boot\spring-boot-test\2.0.6.RELEASE\spring-boot-test-2.0.6.RELEASE.jar;D:\.m2\org\springframework\boot\spring-boot-test-autoconfigure\2.0.6.RELEASE\spring-boot-test-autoconfigure-2.0.6.RELEASE.jar;D:\.m2\com\jayway\jsonpath\json-path\2.4.0\json-path-2.4.0.jar;D:\.m2\net\minidev\json-smart\2.3\json-smart-2.3.jar;D:\.m2\net\minidev\accessors-smart\1.2\accessors-smart-1.2.jar;D:\.m2\org\ow2\asm\asm\5.0.4\asm-5.0.4.jar;D:\.m2\junit\junit\4.12\junit-4.12.jar;D:\.m2\org\assertj\assertj-core\3.9.1\assertj-core-3.9.1.jar;D:\.m2\org\mockito\mockito-core\2.15.0\mockito-core-2.15.0.jar;D:\.m2\net\bytebuddy\byte-buddy\1.7.11\byte-buddy-1.7.11.jar;D:\.m2\net\bytebuddy\byte-buddy-agent\1.7.11\byte-buddy-agent-1.7.11.jar;D:\.m2\org\objenesis\objenesis\2.6\objenesis-2.6.jar;D:\.m2\org\hamcrest\hamcrest-core\1.3\hamcrest-core-1.3.jar;D:\.m2\org\hamcrest\hamcrest-library\1.3\hamcrest-library-1.3.jar;D:\.m2\org\skyscreamer\jsonassert\1.5.0\jsonassert-1.5.0.jar;D:\.m2\com\vaadin\external\google\android-json\0.0.20131108.vaadin1\android-json-0.0.20131108.vaadin1.jar;D:\.m2\org\springframework\spring-core\5.0.10.RELEASE\spring-core-5.0.10.RELEASE.jar;D:\.m2\org\springframework\spring-jcl\5.0.10.RELEASE\spring-jcl-5.0.10.RELEASE.jar;D:\.m2\org\springframework\spring-test\5.0.10.RELEASE\spring-test-5.0.10.RELEASE.jar;D:\.m2\org\xmlunit\xmlunit-core\2.5.1\xmlunit-core-2.5.1.jar;D:\.m2\org\apache\commons\commons-lang3\3.7\commons-lang3-3.7.jar;D:\.m2\org\apache\httpcomponents\httpclient\4.5.6\httpclient-4.5.6.jar;D:\.m2\org\apache\httpcomponents\httpcore\4.4.10\httpcore-4.4.10.jar;D:\.m2\commons-codec\commons-codec\1.11\commons-codec-1.11.jar;D:\.m2\org\quartz-scheduler\quartz\2.2.1\quartz-2.2.1.jar;D:\.m2\c3p0\c3p0\0.9.1.1\c3p0-0.9.1.1.jar;D:\.m2\org\springframework\boot\spring-boot-starter-web\2.0.6.RELEASE\spring-boot-starter-web-2.0.6.RELEASE.jar;D:\.m2\org\springframework\boot\spring-boot-starter-json\2.0.6.RELEASE\spring-boot-starter-json-2.0.6.RELEASE.jar;D:\.m2\com\fasterxml\jackson\core\jackson-databind\2.9.7\jackson-databind-2.9.7.jar;D:\.m2\com\fasterxml\jackson\core\jackson-core\2.9.7\jackson-core-2.9.7.jar;D:\.m2\com\fasterxml\jackson\datatype\jackson-datatype-jdk8\2.9.7\jackson-datatype-jdk8-2.9.7.jar;D:\.m2\com\fasterxml\jackson\datatype\jackson-datatype-jsr310\2.9.7\jackson-datatype-jsr310-2.9.7.jar;D:\.m2\com\fasterxml\jackson\module\jackson-module-parameter-names\2.9.7\jackson-module-parameter-names-2.9.7.jar;D:\.m2\org\springframework\boot\spring-boot-starter-tomcat\2.0.6.RELEASE\spring-boot-starter-tomcat-2.0.6.RELEASE.jar;D:\.m2\org\apache\tomcat\embed\tomcat-embed-core\8.5.34\tomcat-embed-core-8.5.34.jar;D:\.m2\org\apache\tomcat\embed\tomcat-embed-el\8.5.34\tomcat-embed-el-8.5.34.jar;D:\.m2\org\apache\tomcat\embed\tomcat-embed-websocket\8.5.34\tomcat-embed-websocket-8.5.34.jar;D:\.m2\org\hibernate\validator\hibernate-validator\6.0.13.Final\hibernate-validator-6.0.13.Final.jar;D:\.m2\javax\validation\validation-api\2.0.1.Final\validation-api-2.0.1.Final.jar;D:\.m2\org\jboss\logging\jboss-logging\3.3.2.Final\jboss-logging-3.3.2.Final.jar;D:\.m2\org\springframework\spring-web\5.0.10.RELEASE\spring-web-5.0.10.RELEASE.jar;D:\.m2\org\springframework\spring-webmvc\5.0.10.RELEASE\spring-webmvc-5.0.10.RELEASE.jar;D:\.m2\org\springframework\spring-context\5.0.10.RELEASE\spring-context-5.0.10.RELEASE.jar;D:\.m2\org\springframework\spring-expression\5.0.10.RELEASE\spring-expression-5.0.10.RELEASE.jar;D:\.m2\org\springframework\boot\spring-boot-starter-thymeleaf\2.0.6.RELEASE\spring-boot-starter-thymeleaf-2.0.6.RELEASE.jar;D:\.m2\org\thymeleaf\thymeleaf-spring5\3.0.10.RELEASE\thymeleaf-spring5-3.0.10.RELEASE.jar;D:\.m2\org\thymeleaf\thymeleaf\3.0.10.RELEASE\thymeleaf-3.0.10.RELEASE.jar;D:\.m2\org\attoparser\attoparser\2.0.5.RELEASE\attoparser-2.0.5.RELEASE.jar;D:\.m2\org\unbescape\unbescape\1.1.6.RELEASE\unbescape-1.1.6.RELEASE.jar;D:\.m2\org\thymeleaf\extras\thymeleaf-extras-java8time\3.0.1.RELEASE\thymeleaf-extras-java8time-3.0.1.RELEASE.jar;D:\.m2\net\sourceforge\nekohtml\nekohtml\1.9.22\nekohtml-1.9.22.jar;D:\.m2\xerces\xercesImpl\2.11.0\xercesImpl-2.11.0.jar;D:\.m2\xml-apis\xml-apis\1.4.01\xml-apis-1.4.01.jar;D:\.m2\mysql\mysql-connector-java\5.1.47\mysql-connector-java-5.1.47.jar;D:\.m2\com\oracle\ojdbc6\11.2.0.3\ojdbc6-11.2.0.3.jar;D:\.m2\org\mybatis\mybatis\3.4.4\mybatis-3.4.4.jar;D:\.m2\org\mybatis\spring\boot\mybatis-spring-boot-starter\1.1.1\mybatis-spring-boot-starter-1.1.1.jar;D:\.m2\org\mybatis\spring\boot\mybatis-spring-boot-autoconfigure\1.1.1\mybatis-spring-boot-autoconfigure-1.1.1.jar;D:\.m2\org\mybatis\mybatis-spring\1.3.0\mybatis-spring-1.3.0.jar;D:\.m2\org\springframework\boot\spring-boot-starter-jdbc\2.0.6.RELEASE\spring-boot-starter-jdbc-2.0.6.RELEASE.jar;D:\.m2\com\zaxxer\HikariCP\2.7.9\HikariCP-2.7.9.jar;D:\.m2\org\springframework\spring-jdbc\5.0.10.RELEASE\spring-jdbc-5.0.10.RELEASE.jar;D:\.m2\com\alibaba\druid\1.0.28\druid-1.0.28.jar;D:\Java8\jdk1.8.0_45\jre\..\lib\jconsole.jar;D:\Java8\jdk1.8.0_45\jre\..\lib\tools.jar;D:\.m2\com\alibaba\fastjson\1.2.31\fastjson-1.2.31.jar;D:\.m2\io\springfox\springfox-swagger2\2.6.1\springfox-swagger2-2.6.1.jar;D:\.m2\io\swagger\swagger-annotations\1.5.10\swagger-annotations-1.5.10.jar;D:\.m2\io\swagger\swagger-models\1.5.10\swagger-models-1.5.10.jar;D:\.m2\com\fasterxml\jackson\core\jackson-annotations\2.9.0\jackson-annotations-2.9.0.jar;D:\.m2\io\springfox\springfox-spi\2.6.1\springfox-spi-2.6.1.jar;D:\.m2\io\springfox\springfox-core\2.6.1\springfox-core-2.6.1.jar;D:\.m2\io\springfox\springfox-schema\2.6.1\springfox-schema-2.6.1.jar;D:\.m2\io\springfox\springfox-swagger-common\2.6.1\springfox-swagger-common-2.6.1.jar;D:\.m2\io\springfox\springfox-spring-web\2.6.1\springfox-spring-web-2.6.1.jar;D:\.m2\com\google\guava\guava\18.0\guava-18.0.jar;D:\.m2\com\fasterxml\classmate\1.3.4\classmate-1.3.4.jar;D:\.m2\org\slf4j\slf4j-api\1.7.25\slf4j-api-1.7.25.jar;D:\.m2\org\springframework\plugin\spring-plugin-core\1.2.0.RELEASE\spring-plugin-core-1.2.0.RELEASE.jar;D:\.m2\org\springframework\plugin\spring-plugin-metadata\1.2.0.RELEASE\spring-plugin-metadata-1.2.0.RELEASE.jar;D:\.m2\org\mapstruct\mapstruct\1.0.0.Final\mapstruct-1.0.0.Final.jar;D:\.m2\io\springfox\springfox-swagger-ui\2.6.1\springfox-swagger-ui-2.6.1.jar;D:\.m2\org\apache\shiro\shiro-core\1.3.2\shiro-core-1.3.2.jar;D:\.m2\commons-beanutils\commons-beanutils\1.8.3\commons-beanutils-1.8.3.jar;D:\.m2\org\apache\shiro\shiro-spring\1.3.2\shiro-spring-1.3.2.jar;D:\.m2\org\apache\shiro\shiro-web\1.3.2\shiro-web-1.3.2.jar;D:\.m2\org\apache\shiro\shiro-ehcache\1.3.2\shiro-ehcache-1.3.2.jar;D:\.m2\net\sf\ehcache\ehcache-core\2.5.3\ehcache-core-2.5.3.jar;D:\.m2\com\github\theborakompanioni\thymeleaf-extras-shiro\2.0.0\thymeleaf-extras-shiro-2.0.0.jar;D:\.m2\org\springframework\boot\spring-boot-starter-data-redis\2.0.6.RELEASE\spring-boot-starter-data-redis-2.0.6.RELEASE.jar;D:\.m2\org\springframework\data\spring-data-redis\2.0.11.RELEASE\spring-data-redis-2.0.11.RELEASE.jar;D:\.m2\org\springframework\data\spring-data-keyvalue\2.0.11.RELEASE\spring-data-keyvalue-2.0.11.RELEASE.jar;D:\.m2\org\springframework\data\spring-data-commons\2.0.11.RELEASE\spring-data-commons-2.0.11.RELEASE.jar;D:\.m2\org\springframework\spring-tx\5.0.10.RELEASE\spring-tx-5.0.10.RELEASE.jar;D:\.m2\org\springframework\spring-context-support\5.0.10.RELEASE\spring-context-support-5.0.10.RELEASE.jar;D:\.m2\io\lettuce\lettuce-core\5.0.5.RELEASE\lettuce-core-5.0.5.RELEASE.jar;D:\.m2\io\projectreactor\reactor-core\3.1.10.RELEASE\reactor-core-3.1.10.RELEASE.jar;D:\.m2\org\reactivestreams\reactive-streams\1.0.2\reactive-streams-1.0.2.jar;D:\.m2\io\netty\netty-common\4.1.29.Final\netty-common-4.1.29.Final.jar;D:\.m2\io\netty\netty-transport\4.1.29.Final\netty-transport-4.1.29.Final.jar;D:\.m2\io\netty\netty-buffer\4.1.29.Final\netty-buffer-4.1.29.Final.jar;D:\.m2\io\netty\netty-resolver\4.1.29.Final\netty-resolver-4.1.29.Final.jar;D:\.m2\io\netty\netty-handler\4.1.29.Final\netty-handler-4.1.29.Final.jar;D:\.m2\io\netty\netty-codec\4.1.29.Final\netty-codec-4.1.29.Final.jar;D:\.m2\redis\clients\jedis\2.9.0\jedis-2.9.0.jar;D:\.m2\org\apache\commons\commons-pool2\2.5.0\commons-pool2-2.5.0.jar;D:\.m2\org\apache\poi\poi\3.14\poi-3.14.jar;"/>
    <property name="java.vm.vendor" value="Oracle Corporation"/>
    <property name="sun.arch.data.model" value="32"/>
    <property name="user.variant" value=""/>
    <property name="java.vendor.url" value="http://java.oracle.com/"/>
    <property name="user.timezone" value="Asia/Shanghai"/>
    <property name="java.vm.specification.version" value="1.8"/>
    <property name="os.name" value="Windows 7"/>
    <property name="user.country" value="CN"/>
    <property name="sun.java.launcher" value="SUN_STANDARD"/>
    <property name="sun.boot.library.path" value="D:\Java8\jdk1.8.0_45\jre\bin"/>
    <property name="sun.java.command" value="C:\Users\ADMINI~1\AppData\Local\Temp\surefire8847390152551207921\surefirebooter8481243125867610522.jar C:\Users\Administrator\AppData\Local\Temp\surefire8847390152551207921 2018-12-13T10-27-59_598-jvmRun1 surefire6435508623332444088tmp surefire_07882412798290378622tmp"/>
    <property name="surefire.test.class.path" value="D:\IdeaProject\weChatService\target\test-classes;D:\IdeaProject\weChatService\target\classes;D:\.m2\org\springframework\boot\spring-boot-starter-web-services\2.0.6.RELEASE\spring-boot-starter-web-services-2.0.6.RELEASE.jar;D:\.m2\org\springframework\boot\spring-boot-starter\2.0.6.RELEASE\spring-boot-starter-2.0.6.RELEASE.jar;D:\.m2\org\springframework\boot\spring-boot\2.0.6.RELEASE\spring-boot-2.0.6.RELEASE.jar;D:\.m2\org\springframework\boot\spring-boot-autoconfigure\2.0.6.RELEASE\spring-boot-autoconfigure-2.0.6.RELEASE.jar;D:\.m2\org\springframework\boot\spring-boot-starter-logging\2.0.6.RELEASE\spring-boot-starter-logging-2.0.6.RELEASE.jar;D:\.m2\ch\qos\logback\logback-classic\1.2.3\logback-classic-1.2.3.jar;D:\.m2\ch\qos\logback\logback-core\1.2.3\logback-core-1.2.3.jar;D:\.m2\org\apache\logging\log4j\log4j-to-slf4j\2.10.0\log4j-to-slf4j-2.10.0.jar;D:\.m2\org\apache\logging\log4j\log4j-api\2.10.0\log4j-api-2.10.0.jar;D:\.m2\org\slf4j\jul-to-slf4j\1.7.25\jul-to-slf4j-1.7.25.jar;D:\.m2\javax\annotation\javax.annotation-api\1.3.2\javax.annotation-api-1.3.2.jar;D:\.m2\org\yaml\snakeyaml\1.19\snakeyaml-1.19.jar;D:\.m2\org\springframework\spring-oxm\5.0.10.RELEASE\spring-oxm-5.0.10.RELEASE.jar;D:\.m2\org\springframework\spring-beans\5.0.10.RELEASE\spring-beans-5.0.10.RELEASE.jar;D:\.m2\org\springframework\ws\spring-ws-core\3.0.4.RELEASE\spring-ws-core-3.0.4.RELEASE.jar;D:\.m2\org\springframework\ws\spring-xml\3.0.4.RELEASE\spring-xml-3.0.4.RELEASE.jar;D:\.m2\org\springframework\spring-aop\5.0.10.RELEASE\spring-aop-5.0.10.RELEASE.jar;D:\.m2\commons-io\commons-io\2.5\commons-io-2.5.jar;D:\.m2\org\springframework\boot\spring-boot-starter-test\2.0.6.RELEASE\spring-boot-starter-test-2.0.6.RELEASE.jar;D:\.m2\org\springframework\boot\spring-boot-test\2.0.6.RELEASE\spring-boot-test-2.0.6.RELEASE.jar;D:\.m2\org\springframework\boot\spring-boot-test-autoconfigure\2.0.6.RELEASE\spring-boot-test-autoconfigure-2.0.6.RELEASE.jar;D:\.m2\com\jayway\jsonpath\json-path\2.4.0\json-path-2.4.0.jar;D:\.m2\net\minidev\json-smart\2.3\json-smart-2.3.jar;D:\.m2\net\minidev\accessors-smart\1.2\accessors-smart-1.2.jar;D:\.m2\org\ow2\asm\asm\5.0.4\asm-5.0.4.jar;D:\.m2\junit\junit\4.12\junit-4.12.jar;D:\.m2\org\assertj\assertj-core\3.9.1\assertj-core-3.9.1.jar;D:\.m2\org\mockito\mockito-core\2.15.0\mockito-core-2.15.0.jar;D:\.m2\net\bytebuddy\byte-buddy\1.7.11\byte-buddy-1.7.11.jar;D:\.m2\net\bytebuddy\byte-buddy-agent\1.7.11\byte-buddy-agent-1.7.11.jar;D:\.m2\org\objenesis\objenesis\2.6\objenesis-2.6.jar;D:\.m2\org\hamcrest\hamcrest-core\1.3\hamcrest-core-1.3.jar;D:\.m2\org\hamcrest\hamcrest-library\1.3\hamcrest-library-1.3.jar;D:\.m2\org\skyscreamer\jsonassert\1.5.0\jsonassert-1.5.0.jar;D:\.m2\com\vaadin\external\google\android-json\0.0.20131108.vaadin1\android-json-0.0.20131108.vaadin1.jar;D:\.m2\org\springframework\spring-core\5.0.10.RELEASE\spring-core-5.0.10.RELEASE.jar;D:\.m2\org\springframework\spring-jcl\5.0.10.RELEASE\spring-jcl-5.0.10.RELEASE.jar;D:\.m2\org\springframework\spring-test\5.0.10.RELEASE\spring-test-5.0.10.RELEASE.jar;D:\.m2\org\xmlunit\xmlunit-core\2.5.1\xmlunit-core-2.5.1.jar;D:\.m2\org\apache\commons\commons-lang3\3.7\commons-lang3-3.7.jar;D:\.m2\org\apache\httpcomponents\httpclient\4.5.6\httpclient-4.5.6.jar;D:\.m2\org\apache\httpcomponents\httpcore\4.4.10\httpcore-4.4.10.jar;D:\.m2\commons-codec\commons-codec\1.11\commons-codec-1.11.jar;D:\.m2\org\quartz-scheduler\quartz\2.2.1\quartz-2.2.1.jar;D:\.m2\c3p0\c3p0\0.9.1.1\c3p0-0.9.1.1.jar;D:\.m2\org\springframework\boot\spring-boot-starter-web\2.0.6.RELEASE\spring-boot-starter-web-2.0.6.RELEASE.jar;D:\.m2\org\springframework\boot\spring-boot-starter-json\2.0.6.RELEASE\spring-boot-starter-json-2.0.6.RELEASE.jar;D:\.m2\com\fasterxml\jackson\core\jackson-databind\2.9.7\jackson-databind-2.9.7.jar;D:\.m2\com\fasterxml\jackson\core\jackson-core\2.9.7\jackson-core-2.9.7.jar;D:\.m2\com\fasterxml\jackson\datatype\jackson-datatype-jdk8\2.9.7\jackson-datatype-jdk8-2.9.7.jar;D:\.m2\com\fasterxml\jackson\datatype\jackson-datatype-jsr310\2.9.7\jackson-datatype-jsr310-2.9.7.jar;D:\.m2\com\fasterxml\jackson\module\jackson-module-parameter-names\2.9.7\jackson-module-parameter-names-2.9.7.jar;D:\.m2\org\springframework\boot\spring-boot-starter-tomcat\2.0.6.RELEASE\spring-boot-starter-tomcat-2.0.6.RELEASE.jar;D:\.m2\org\apache\tomcat\embed\tomcat-embed-core\8.5.34\tomcat-embed-core-8.5.34.jar;D:\.m2\org\apache\tomcat\embed\tomcat-embed-el\8.5.34\tomcat-embed-el-8.5.34.jar;D:\.m2\org\apache\tomcat\embed\tomcat-embed-websocket\8.5.34\tomcat-embed-websocket-8.5.34.jar;D:\.m2\org\hibernate\validator\hibernate-validator\6.0.13.Final\hibernate-validator-6.0.13.Final.jar;D:\.m2\javax\validation\validation-api\2.0.1.Final\validation-api-2.0.1.Final.jar;D:\.m2\org\jboss\logging\jboss-logging\3.3.2.Final\jboss-logging-3.3.2.Final.jar;D:\.m2\org\springframework\spring-web\5.0.10.RELEASE\spring-web-5.0.10.RELEASE.jar;D:\.m2\org\springframework\spring-webmvc\5.0.10.RELEASE\spring-webmvc-5.0.10.RELEASE.jar;D:\.m2\org\springframework\spring-context\5.0.10.RELEASE\spring-context-5.0.10.RELEASE.jar;D:\.m2\org\springframework\spring-expression\5.0.10.RELEASE\spring-expression-5.0.10.RELEASE.jar;D:\.m2\org\springframework\boot\spring-boot-starter-thymeleaf\2.0.6.RELEASE\spring-boot-starter-thymeleaf-2.0.6.RELEASE.jar;D:\.m2\org\thymeleaf\thymeleaf-spring5\3.0.10.RELEASE\thymeleaf-spring5-3.0.10.RELEASE.jar;D:\.m2\org\thymeleaf\thymeleaf\3.0.10.RELEASE\thymeleaf-3.0.10.RELEASE.jar;D:\.m2\org\attoparser\attoparser\2.0.5.RELEASE\attoparser-2.0.5.RELEASE.jar;D:\.m2\org\unbescape\unbescape\1.1.6.RELEASE\unbescape-1.1.6.RELEASE.jar;D:\.m2\org\thymeleaf\extras\thymeleaf-extras-java8time\3.0.1.RELEASE\thymeleaf-extras-java8time-3.0.1.RELEASE.jar;D:\.m2\net\sourceforge\nekohtml\nekohtml\1.9.22\nekohtml-1.9.22.jar;D:\.m2\xerces\xercesImpl\2.11.0\xercesImpl-2.11.0.jar;D:\.m2\xml-apis\xml-apis\1.4.01\xml-apis-1.4.01.jar;D:\.m2\mysql\mysql-connector-java\5.1.47\mysql-connector-java-5.1.47.jar;D:\.m2\com\oracle\ojdbc6\11.2.0.3\ojdbc6-11.2.0.3.jar;D:\.m2\org\mybatis\mybatis\3.4.4\mybatis-3.4.4.jar;D:\.m2\org\mybatis\spring\boot\mybatis-spring-boot-starter\1.1.1\mybatis-spring-boot-starter-1.1.1.jar;D:\.m2\org\mybatis\spring\boot\mybatis-spring-boot-autoconfigure\1.1.1\mybatis-spring-boot-autoconfigure-1.1.1.jar;D:\.m2\org\mybatis\mybatis-spring\1.3.0\mybatis-spring-1.3.0.jar;D:\.m2\org\springframework\boot\spring-boot-starter-jdbc\2.0.6.RELEASE\spring-boot-starter-jdbc-2.0.6.RELEASE.jar;D:\.m2\com\zaxxer\HikariCP\2.7.9\HikariCP-2.7.9.jar;D:\.m2\org\springframework\spring-jdbc\5.0.10.RELEASE\spring-jdbc-5.0.10.RELEASE.jar;D:\.m2\com\alibaba\druid\1.0.28\druid-1.0.28.jar;D:\Java8\jdk1.8.0_45\jre\..\lib\jconsole.jar;D:\Java8\jdk1.8.0_45\jre\..\lib\tools.jar;D:\.m2\com\alibaba\fastjson\1.2.31\fastjson-1.2.31.jar;D:\.m2\io\springfox\springfox-swagger2\2.6.1\springfox-swagger2-2.6.1.jar;D:\.m2\io\swagger\swagger-annotations\1.5.10\swagger-annotations-1.5.10.jar;D:\.m2\io\swagger\swagger-models\1.5.10\swagger-models-1.5.10.jar;D:\.m2\com\fasterxml\jackson\core\jackson-annotations\2.9.0\jackson-annotations-2.9.0.jar;D:\.m2\io\springfox\springfox-spi\2.6.1\springfox-spi-2.6.1.jar;D:\.m2\io\springfox\springfox-core\2.6.1\springfox-core-2.6.1.jar;D:\.m2\io\springfox\springfox-schema\2.6.1\springfox-schema-2.6.1.jar;D:\.m2\io\springfox\springfox-swagger-common\2.6.1\springfox-swagger-common-2.6.1.jar;D:\.m2\io\springfox\springfox-spring-web\2.6.1\springfox-spring-web-2.6.1.jar;D:\.m2\com\google\guava\guava\18.0\guava-18.0.jar;D:\.m2\com\fasterxml\classmate\1.3.4\classmate-1.3.4.jar;D:\.m2\org\slf4j\slf4j-api\1.7.25\slf4j-api-1.7.25.jar;D:\.m2\org\springframework\plugin\spring-plugin-core\1.2.0.RELEASE\spring-plugin-core-1.2.0.RELEASE.jar;D:\.m2\org\springframework\plugin\spring-plugin-metadata\1.2.0.RELEASE\spring-plugin-metadata-1.2.0.RELEASE.jar;D:\.m2\org\mapstruct\mapstruct\1.0.0.Final\mapstruct-1.0.0.Final.jar;D:\.m2\io\springfox\springfox-swagger-ui\2.6.1\springfox-swagger-ui-2.6.1.jar;D:\.m2\org\apache\shiro\shiro-core\1.3.2\shiro-core-1.3.2.jar;D:\.m2\commons-beanutils\commons-beanutils\1.8.3\commons-beanutils-1.8.3.jar;D:\.m2\org\apache\shiro\shiro-spring\1.3.2\shiro-spring-1.3.2.jar;D:\.m2\org\apache\shiro\shiro-web\1.3.2\shiro-web-1.3.2.jar;D:\.m2\org\apache\shiro\shiro-ehcache\1.3.2\shiro-ehcache-1.3.2.jar;D:\.m2\net\sf\ehcache\ehcache-core\2.5.3\ehcache-core-2.5.3.jar;D:\.m2\com\github\theborakompanioni\thymeleaf-extras-shiro\2.0.0\thymeleaf-extras-shiro-2.0.0.jar;D:\.m2\org\springframework\boot\spring-boot-starter-data-redis\2.0.6.RELEASE\spring-boot-starter-data-redis-2.0.6.RELEASE.jar;D:\.m2\org\springframework\data\spring-data-redis\2.0.11.RELEASE\spring-data-redis-2.0.11.RELEASE.jar;D:\.m2\org\springframework\data\spring-data-keyvalue\2.0.11.RELEASE\spring-data-keyvalue-2.0.11.RELEASE.jar;D:\.m2\org\springframework\data\spring-data-commons\2.0.11.RELEASE\spring-data-commons-2.0.11.RELEASE.jar;D:\.m2\org\springframework\spring-tx\5.0.10.RELEASE\spring-tx-5.0.10.RELEASE.jar;D:\.m2\org\springframework\spring-context-support\5.0.10.RELEASE\spring-context-support-5.0.10.RELEASE.jar;D:\.m2\io\lettuce\lettuce-core\5.0.5.RELEASE\lettuce-core-5.0.5.RELEASE.jar;D:\.m2\io\projectreactor\reactor-core\3.1.10.RELEASE\reactor-core-3.1.10.RELEASE.jar;D:\.m2\org\reactivestreams\reactive-streams\1.0.2\reactive-streams-1.0.2.jar;D:\.m2\io\netty\netty-common\4.1.29.Final\netty-common-4.1.29.Final.jar;D:\.m2\io\netty\netty-transport\4.1.29.Final\netty-transport-4.1.29.Final.jar;D:\.m2\io\netty\netty-buffer\4.1.29.Final\netty-buffer-4.1.29.Final.jar;D:\.m2\io\netty\netty-resolver\4.1.29.Final\netty-resolver-4.1.29.Final.jar;D:\.m2\io\netty\netty-handler\4.1.29.Final\netty-handler-4.1.29.Final.jar;D:\.m2\io\netty\netty-codec\4.1.29.Final\netty-codec-4.1.29.Final.jar;D:\.m2\redis\clients\jedis\2.9.0\jedis-2.9.0.jar;D:\.m2\org\apache\commons\commons-pool2\2.5.0\commons-pool2-2.5.0.jar;D:\.m2\org\apache\poi\poi\3.14\poi-3.14.jar;"/>
    <property name="sun.cpu.endian" value="little"/>
    <property name="user.home" value="C:\Users\Administrator"/>
    <property name="user.language" value="zh"/>
    <property name="java.specification.vendor" value="Oracle Corporation"/>
    <property name="java.home" value="D:\Java8\jdk1.8.0_45\jre"/>
    <property name="basedir" value="D:\IdeaProject\weChatService"/>
    <property name="file.separator" value="\"/>
    <property name="line.separator" value="&#10;"/>
    <property name="java.vm.specification.vendor" value="Oracle Corporation"/>
    <property name="java.specification.name" value="Java Platform API Specification"/>
    <property name="java.awt.graphicsenv" value="sun.awt.Win32GraphicsEnvironment"/>
    <property name="surefire.real.class.path" value="C:\Users\ADMINI~1\AppData\Local\Temp\surefire8847390152551207921\surefirebooter8481243125867610522.jar"/>
    <property name="sun.boot.class.path" value="D:\Java8\jdk1.8.0_45\jre\lib\resources.jar;D:\Java8\jdk1.8.0_45\jre\lib\rt.jar;D:\Java8\jdk1.8.0_45\jre\lib\sunrsasign.jar;D:\Java8\jdk1.8.0_45\jre\lib\jsse.jar;D:\Java8\jdk1.8.0_45\jre\lib\jce.jar;D:\Java8\jdk1.8.0_45\jre\lib\charsets.jar;D:\Java8\jdk1.8.0_45\jre\lib\jfr.jar;D:\Java8\jdk1.8.0_45\jre\classes"/>
    <property name="user.script" value=""/>
    <property name="sun.management.compiler" value="HotSpot Client Compiler"/>
    <property name="java.runtime.version" value="1.8.0_45-b15"/>
    <property name="user.name" value="Administrator"/>
    <property name="path.separator" value=";"/>
    <property name="os.version" value="6.1"/>
    <property name="java.endorsed.dirs" value="D:\Java8\jdk1.8.0_45\jre\lib\endorsed"/>
    <property name="java.runtime.name" value="Java(TM) SE Runtime Environment"/>
    <property name="file.encoding" value="GBK"/>
    <property name="java.vm.name" value="Java HotSpot(TM) Client VM"/>
    <property name="localRepository" value="D:\.m2"/>
    <property name="java.vendor.url.bug" value="http://bugreport.sun.com/bugreport/"/>
    <property name="java.io.tmpdir" value="C:\Users\ADMINI~1\AppData\Local\Temp\"/>
    <property name="idea.version" value="14.1"/>
    <property name="java.version" value="1.8.0_45"/>
    <property name="user.dir" value="D:\IdeaProject\weChatService"/>
    <property name="os.arch" value="x86"/>
    <property name="java.vm.specification.name" value="Java Virtual Machine Specification"/>
    <property name="java.awt.printerjob" value="sun.awt.windows.WPrinterJob"/>
    <property name="sun.os.patch.level" value="Service Pack 1"/>
    <property name="java.library.path" value="D:\Java8\jdk1.8.0_45\jre\bin;C:\windows\Sun\Java\bin;C:\windows\system32;C:\windows;D:\oracleXE1\app\oracle\product\10.2.0\server\bin;C:\windows\system32;C:\windows;C:\windows\System32\Wbem;C:\windows\System32\WindowsPowerShell\v1.0\;D:\Java\jdk1.6.0_45\bin;D:\Java\jdk1.6.0_45\jre\bin;D:\Git\cmd;D:\nodejs\;D:\TortoiseSVN\bin;C:\Users\Administrator\AppData\Local\Programs\Python\Python36\Scripts\;C:\Users\Administrator\AppData\Local\Programs\Python\Python36\;C:\Users\Administrator\AppData\Local\GitHubDesktop\bin;C:\Users\Administrator\AppData\Roaming\npm;C:\Users\Administrator\AppData\Local\Google\Chrome\Application;."/>
    <property name="java.vm.info" value="mixed mode, sharing"/>
    <property name="java.vendor" value="Oracle Corporation"/>
    <property name="java.vm.version" value="25.45-b02"/>
    <property name="java.ext.dirs" value="D:\Java8\jdk1.8.0_45\jre\lib\ext;C:\windows\Sun\Java\lib\ext"/>
    <property name="sun.io.unicode.encoding" value="UnicodeLittle"/>
    <property name="java.class.version" value="52.0"/>
  </properties>
  <testcase name="contextLoads" classname="com.cxg.weChat.WeChatApplicationTests" time="0.115"/>
</testsuite>